[ 2015-05-27T10:30:29+08:00 ] 112.124.214.2 /app
INFO: [ app_init ] --START--
INFO: Run Behavior\BuildLiteBehavior [ RunTime:0.000021s ]
INFO: [ app_init ] --END-- [ RunTime:0.000325s ]
INFO: [ app_begin ] --START--
INFO: Run Behavior\ReadHtmlCacheBehavior [ RunTime:0.000362s ]
INFO: [ app_begin ] --END-- [ RunTime:0.000420s ]
ERR: 无法加载控制器:App

[ 2015-05-27T10:31:02+08:00 ] 112.124.214.2 /favicon.ico
INFO: [ app_init ] --START--
INFO: Run Behavior\BuildLiteBehavior [ RunTime:0.000024s ]
INFO: [ app_init ] --END-- [ RunTime:0.000301s ]

[ 2015-05-27T10:31:02+08:00 ] 112.124.214.2 /favicon.ico
INFO: [ app_init ] --START--
INFO: Run Behavior\BuildLiteBehavior [ RunTime:0.000022s ]
INFO: [ app_init ] --END-- [ RunTime:0.000319s ]

[ 2015-05-27T10:31:02+08:00 ] 112.124.214.2 /App
INFO: [ app_init ] --START--
INFO: Run Behavior\BuildLiteBehavior [ RunTime:0.000023s ]
INFO: [ app_init ] --END-- [ RunTime:0.000382s ]
INFO: [ app_begin ] --START--
INFO: Run Behavior\ReadHtmlCacheBehavior [ RunTime:0.000379s ]
INFO: [ app_begin ] --END-- [ RunTime:0.000437s ]
ERR: 无法加载控制器:App

[ 2015-05-27T10:31:05+08:00 ] 112.124.214.2 /App
INFO: [ app_init ] --START--
INFO: Run Behavior\BuildLiteBehavior [ RunTime:0.000023s ]
INFO: [ app_init ] --END-- [ RunTime:0.000382s ]
INFO: [ app_begin ] --START--
INFO: Run Behavior\ReadHtmlCacheBehavior [ RunTime:0.000549s ]
INFO: [ app_begin ] --END-- [ RunTime:0.000634s ]
ERR: 无法加载控制器:App

[ 2015-05-27T10:31:10+08:00 ] 112.124.214.2 /
INFO: [ app_init ] --START--
INFO: Run Behavior\BuildLiteBehavior [ RunTime:0.000016s ]
INFO: [ app_init ] --END-- [ RunTime:0.000282s ]
INFO: [ app_begin ] --START--
INFO: Run Behavior\ReadHtmlCacheBehavior [ RunTime:0.000362s ]
INFO: [ app_begin ] --END-- [ RunTime:0.000419s ]
INFO: [ view_parse ] --START--
INFO: [ template_filter ] --START--
INFO: Run Behavior\ContentReplaceBehavior [ RunTime:0.000032s ]
INFO: [ template_filter ] --END-- [ RunTime:0.000090s ]
INFO: Run Behavior\ParseTemplateBehavior [ RunTime:0.004400s ]
INFO: [ view_parse ] --END-- [ RunTime:0.004472s ]
INFO: [ view_filter ] --START--
INFO: Run Behavior\WriteHtmlCacheBehavior [ RunTime:0.000184s ]
INFO: [ view_filter ] --END-- [ RunTime:0.000238s ]
INFO: [ app_end ] --START--
INFO: Run Behavior\ShowPageTraceBehavior [ RunTime:0.000392s ]
INFO: [ app_end ] --END-- [ RunTime:0.000443s ]

[ 2015-05-27T10:31:16+08:00 ] 112.124.214.2 /App
INFO: [ app_init ] --START--
INFO: Run Behavior\BuildLiteBehavior [ RunTime:0.000019s ]
INFO: [ app_init ] --END-- [ RunTime:0.000312s ]
INFO: [ app_begin ] --START--
INFO: Run Behavior\ReadHtmlCacheBehavior [ RunTime:0.000350s ]
INFO: [ app_begin ] --END-- [ RunTime:0.000408s ]
ERR: 无法加载控制器:App

[ 2015-05-27T10:33:57+08:00 ] 112.124.214.2 /App/Index/index
INFO: [ app_init ] --START--
INFO: Run Behavior\BuildLiteBehavior [ RunTime:0.000016s ]
INFO: [ app_init ] --END-- [ RunTime:0.000311s ]
INFO: [ app_begin ] --START--
INFO: Run Behavior\ReadHtmlCacheBehavior [ RunTime:0.000348s ]
INFO: [ app_begin ] --END-- [ RunTime:0.000406s ]
ERR: 无法加载控制器:App

[ 2015-05-27T10:41:53+08:00 ] 112.124.214.2 /App/Index/index
INFO: [ app_init ] --START--
INFO: Run Behavior\BuildLiteBehavior [ RunTime:0.000019s ]
INFO: [ app_init ] --END-- [ RunTime:0.000293s ]
INFO: [ app_begin ] --START--
INFO: Run Behavior\ReadHtmlCacheBehavior [ RunTime:0.000356s ]
INFO: [ app_begin ] --END-- [ RunTime:0.000415s ]
ERR: 无法加载控制器:App

[ 2015-05-27T10:41:56+08:00 ] 112.124.214.2 /favicon.ico
INFO: [ app_init ] --START--
INFO: Run Behavior\BuildLiteBehavior [ RunTime:0.000017s ]
INFO: [ app_init ] --END-- [ RunTime:0.000376s ]

[ 2015-05-27T10:41:56+08:00 ] 112.124.214.2 /favicon.ico
INFO: [ app_init ] --START--
INFO: Run Behavior\BuildLiteBehavior [ RunTime:0.000018s ]
INFO: [ app_init ] --END-- [ RunTime:0.000282s ]

[ 2015-05-27T10:41:58+08:00 ] 112.124.214.2 /App/
INFO: [ app_init ] --START--
INFO: Run Behavior\BuildLiteBehavior [ RunTime:0.000016s ]
INFO: [ app_init ] --END-- [ RunTime:0.000286s ]
INFO: [ app_begin ] --START--
INFO: Run Behavior\ReadHtmlCacheBehavior [ RunTime:0.000422s ]
INFO: [ app_begin ] --END-- [ RunTime:0.000481s ]
ERR: 无法加载控制器:App

[ 2015-05-27T10:42:03+08:00 ] 112.124.214.2 /
INFO: [ app_init ] --START--
INFO: Run Behavior\BuildLiteBehavior [ RunTime:0.000017s ]
INFO: [ app_init ] --END-- [ RunTime:0.000283s ]
INFO: [ app_begin ] --START--
INFO: Run Behavior\ReadHtmlCacheBehavior [ RunTime:0.000375s ]
INFO: [ app_begin ] --END-- [ RunTime:0.000433s ]
INFO: [ view_parse ] --START--
INFO: [ template_filter ] --START--
INFO: Run Behavior\ContentReplaceBehavior [ RunTime:0.000031s ]
INFO: [ template_filter ] --END-- [ RunTime:0.000091s ]
INFO: Run Behavior\ParseTemplateBehavior [ RunTime:0.003850s ]
INFO: [ view_parse ] --END-- [ RunTime:0.003906s ]
INFO: [ view_filter ] --START--
INFO: Run Behavior\WriteHtmlCacheBehavior [ RunTime:0.000123s ]
INFO: [ view_filter ] --END-- [ RunTime:0.000171s ]
INFO: [ app_end ] --START--
INFO: Run Behavior\ShowPageTraceBehavior [ RunTime:0.000381s ]
INFO: [ app_end ] --END-- [ RunTime:0.000432s ]

[ 2015-05-27T10:42:46+08:00 ] 112.124.214.2 /App
INFO: [ app_init ] --START--
INFO: Run Behavior\BuildLiteBehavior [ RunTime:0.000018s ]
INFO: [ app_init ] --END-- [ RunTime:0.000319s ]
INFO: [ app_begin ] --START--
INFO: Run Behavior\ReadHtmlCacheBehavior [ RunTime:0.000366s ]
INFO: [ app_begin ] --END-- [ RunTime:0.000432s ]
INFO: [ view_parse ] --START--
INFO: Run Behavior\ParseTemplateBehavior [ RunTime:0.000143s ]
INFO: [ view_parse ] --END-- [ RunTime:0.000202s ]
INFO: [ view_filter ] --START--
INFO: Run Behavior\WriteHtmlCacheBehavior [ RunTime:0.000123s ]
INFO: [ view_filter ] --END-- [ RunTime:0.000173s ]
INFO: [ app_end ] --START--
INFO: Run Behavior\ShowPageTraceBehavior [ RunTime:0.000375s ]
INFO: [ app_end ] --END-- [ RunTime:0.000428s ]

[ 2015-05-27T10:45:12+08:00 ] 112.124.214.2 /app
INFO: [ app_init ] --START--
INFO: Run Behavior\BuildLiteBehavior [ RunTime:0.000021s ]
INFO: [ app_init ] --END-- [ RunTime:0.000302s ]
INFO: [ app_begin ] --START--
INFO: Run Behavior\ReadHtmlCacheBehavior [ RunTime:0.000671s ]
INFO: [ app_begin ] --END-- [ RunTime:0.000771s ]
INFO: [ view_parse ] --START--
INFO: Run Behavior\ParseTemplateBehavior [ RunTime:0.000310s ]
INFO: [ view_parse ] --END-- [ RunTime:0.000406s ]
INFO: [ view_filter ] --START--
INFO: Run Behavior\WriteHtmlCacheBehavior [ RunTime:0.000213s ]
INFO: [ view_filter ] --END-- [ RunTime:0.000294s ]
INFO: [ app_end ] --START--
INFO: Run Behavior\ShowPageTraceBehavior [ RunTime:0.000580s ]
INFO: [ app_end ] --END-- [ RunTime:0.000663s ]

[ 2015-05-27T12:03:44+08:00 ] 112.124.214.2 /app/appperformance
INFO: [ app_init ] --START--
INFO: Run Behavior\BuildLiteBehavior [ RunTime:0.000016s ]
INFO: [ app_init ] --END-- [ RunTime:0.000285s ]
INFO: [ app_begin ] --START--
INFO: Run Behavior\ReadHtmlCacheBehavior [ RunTime:0.000380s ]
INFO: [ app_begin ] --END-- [ RunTime:0.000437s ]
ERR: 无法加载控制器:Appperformance

[ 2015-05-27T12:04:01+08:00 ] 112.124.214.2 /app/AppPerformance
INFO: [ app_init ] --START--
INFO: Run Behavior\BuildLiteBehavior [ RunTime:0.000020s ]
INFO: [ app_init ] --END-- [ RunTime:0.000289s ]
INFO: [ app_begin ] --START--
INFO: Run Behavior\ReadHtmlCacheBehavior [ RunTime:0.000352s ]
INFO: [ app_begin ] --END-- [ RunTime:0.000424s ]
INFO: [ app_end ] --START--
INFO: Run Behavior\ShowPageTraceBehavior [ RunTime:0.000374s ]
INFO: [ app_end ] --END-- [ RunTime:0.000433s ]

[ 2015-05-27T12:04:01+08:00 ] 112.124.214.2 /app/AppPerformance
INFO: [ app_init ] --START--
INFO: Run Behavior\BuildLiteBehavior [ RunTime:0.000018s ]
INFO: [ app_init ] --END-- [ RunTime:0.000313s ]
INFO: [ app_begin ] --START--
INFO: Run Behavior\ReadHtmlCacheBehavior [ RunTime:0.000350s ]
INFO: [ app_begin ] --END-- [ RunTime:0.000432s ]
INFO: [ app_end ] --START--
INFO: Run Behavior\ShowPageTraceBehavior [ RunTime:0.000381s ]
INFO: [ app_end ] --END-- [ RunTime:0.000439s ]

[ 2015-05-27T12:04:16+08:00 ] 112.124.214.2 /app/appperformance
INFO: [ app_init ] --START--
INFO: Run Behavior\BuildLiteBehavior [ RunTime:0.000025s ]
INFO: [ app_init ] --END-- [ RunTime:0.000419s ]
INFO: [ app_begin ] --START--
INFO: Run Behavior\ReadHtmlCacheBehavior [ RunTime:0.000494s ]
INFO: [ app_begin ] --END-- [ RunTime:0.000638s ]
ERR: 无法加载控制器:Appperformance

[ 2015-05-27T12:18:29+08:00 ] 112.124.214.2 /app/AppPerformance
INFO: [ app_init ] --START--
INFO: Run Behavior\BuildLiteBehavior [ RunTime:0.000020s ]
INFO: [ app_init ] --END-- [ RunTime:0.000329s ]
INFO: [ app_begin ] --START--
INFO: Run Behavior\ReadHtmlCacheBehavior [ RunTime:0.000347s ]
INFO: [ app_begin ] --END-- [ RunTime:0.000406s ]
INFO: [ app_end ] --START--
INFO: Run Behavior\ShowPageTraceBehavior [ RunTime:0.000347s ]
INFO: [ app_end ] --END-- [ RunTime:0.000403s ]

[ 2015-05-27T12:18:36+08:00 ] 112.124.214.2 /app/appperformance
INFO: [ app_init ] --START--
INFO: Run Behavior\BuildLiteBehavior [ RunTime:0.000026s ]
INFO: [ app_init ] --END-- [ RunTime:0.000432s ]
INFO: [ app_begin ] --START--
INFO: Run Behavior\ReadHtmlCacheBehavior [ RunTime:0.000476s ]
INFO: [ app_begin ] --END-- [ RunTime:0.000551s ]
ERR: 无法加载控制器:Appperformance

[ 2015-05-27T12:18:58+08:00 ] 112.124.214.2 /app/appperformance
INFO: [ app_init ] --START--
INFO: Run Behavior\BuildLiteBehavior [ RunTime:0.000020s ]
INFO: [ app_init ] --END-- [ RunTime:0.000305s ]
INFO: [ app_begin ] --START--
INFO: Run Behavior\ReadHtmlCacheBehavior [ RunTime:0.000382s ]
INFO: [ app_begin ] --END-- [ RunTime:0.000440s ]
ERR: 无法加载控制器:Appperformance

[ 2015-05-27T12:20:20+08:00 ] 112.124.214.2 /app/appperformance
INFO: [ app_init ] --START--
INFO: Run Behavior\BuildLiteBehavior [ RunTime:0.000018s ]
INFO: [ app_init ] --END-- [ RunTime:0.000282s ]
INFO: [ app_begin ] --START--
INFO: Run Behavior\ReadHtmlCacheBehavior [ RunTime:0.000346s ]
INFO: [ app_begin ] --END-- [ RunTime:0.000405s ]
ERR: 无法加载控制器:Appperformance

[ 2015-05-27T12:21:11+08:00 ] 112.124.214.2 /app/appperformance
INFO: [ app_init ] --START--
INFO: Run Behavior\BuildLiteBehavior [ RunTime:0.000026s ]
INFO: [ app_init ] --END-- [ RunTime:0.000413s ]
INFO: [ app_begin ] --START--
INFO: Run Behavior\ReadHtmlCacheBehavior [ RunTime:0.000520s ]
INFO: [ app_begin ] --END-- [ RunTime:0.000602s ]
ERR: 无法加载控制器:Appperformance

[ 2015-05-27T12:22:23+08:00 ] 112.124.214.2 /app/appperformance
INFO: [ app_init ] --START--
INFO: Run Behavior\BuildLiteBehavior [ RunTime:0.000021s ]
INFO: [ app_init ] --END-- [ RunTime:0.000313s ]
INFO: [ app_begin ] --START--
INFO: Run Behavior\ReadHtmlCacheBehavior [ RunTime:0.000383s ]
INFO: [ app_begin ] --END-- [ RunTime:0.000441s ]
ERR: 无法加载控制器:Appperformance

[ 2015-05-27T12:24:47+08:00 ] 112.124.214.2 /app/appperformance
INFO: [ app_init ] --START--
INFO: Run Behavior\BuildLiteBehavior [ RunTime:0.000017s ]
INFO: [ app_init ] --END-- [ RunTime:0.000304s ]
INFO: [ app_begin ] --START--
INFO: Run Behavior\ReadHtmlCacheBehavior [ RunTime:0.000441s ]
INFO: [ app_begin ] --END-- [ RunTime:0.000500s ]
ERR: 无法加载控制器:Appperformance

[ 2015-05-27T12:25:45+08:00 ] 112.124.214.2 /app/appperformance
INFO: [ app_init ] --START--
INFO: Run Behavior\BuildLiteBehavior [ RunTime:0.000020s ]
INFO: [ app_init ] --END-- [ RunTime:0.000288s ]
INFO: [ app_begin ] --START--
INFO: Run Behavior\ReadHtmlCacheBehavior [ RunTime:0.000440s ]
INFO: [ app_begin ] --END-- [ RunTime:0.000500s ]
ERR: 无法加载控制器:Appperformance

[ 2015-05-27T12:27:51+08:00 ] 112.124.214.2 /app/appperformance
INFO: [ app_init ] --START--
INFO: Run Behavior\BuildLiteBehavior [ RunTime:0.000016s ]
INFO: [ app_init ] --END-- [ RunTime:0.000330s ]
INFO: [ app_begin ] --START--
INFO: Run Behavior\ReadHtmlCacheBehavior [ RunTime:0.000444s ]
INFO: [ app_begin ] --END-- [ RunTime:0.000506s ]
ERR: 无法加载控制器:Appperformance

[ 2015-05-27T12:41:10+08:00 ] 112.124.214.2 /app/AppPerformance
INFO: [ app_init ] --START--
INFO: Run Behavior\BuildLiteBehavior [ RunTime:0.000021s ]
INFO: [ app_init ] --END-- [ RunTime:0.000356s ]
INFO: [ app_begin ] --START--
INFO: Run Behavior\ReadHtmlCacheBehavior [ RunTime:0.000456s ]
INFO: [ app_begin ] --END-- [ RunTime:0.000518s ]
INFO: [ app_end ] --START--
INFO: Run Behavior\ShowPageTraceBehavior [ RunTime:0.000619s ]
INFO: [ app_end ] --END-- [ RunTime:0.000708s ]

[ 2015-05-27T12:41:10+08:00 ] 112.124.214.2 /app/AppPerformance
INFO: [ app_init ] --START--
INFO: Run Behavior\BuildLiteBehavior [ RunTime:0.000025s ]
INFO: [ app_init ] --END-- [ RunTime:0.000402s ]
INFO: [ app_begin ] --START--
INFO: Run Behavior\ReadHtmlCacheBehavior [ RunTime:0.000527s ]
INFO: [ app_begin ] --END-- [ RunTime:0.000612s ]
INFO: [ app_end ] --START--
INFO: Run Behavior\ShowPageTraceBehavior [ RunTime:0.000348s ]
INFO: [ app_end ] --END-- [ RunTime:0.000404s ]

[ 2015-05-27T12:41:45+08:00 ] 112.124.214.2 /app/AppPerformance/list_performance
INFO: [ app_init ] --START--
INFO: Run Behavior\BuildLiteBehavior [ RunTime:0.000020s ]
INFO: [ app_init ] --END-- [ RunTime:0.000385s ]
INFO: [ app_begin ] --START--
INFO: Run Behavior\ReadHtmlCacheBehavior [ RunTime:0.000368s ]
INFO: [ app_begin ] --END-- [ RunTime:0.000427s ]
SQL: SHOW COLUMNS FROM `tb_ypa_performances` [ RunTime:0.0016s ]
SQL: SELECT * FROM `tb_ypa_performances` LIMIT 20   [ RunTime:0.0004s ]
INFO: [ app_end ] --START--
INFO: Run Behavior\ShowPageTraceBehavior [ RunTime:0.000412s ]
INFO: [ app_end ] --END-- [ RunTime:0.000486s ]

[ 2015-05-27T13:22:03+08:00 ] 112.124.214.2 /app/AppPerformance
INFO: [ app_init ] --START--
INFO: Run Behavior\BuildLiteBehavior [ RunTime:0.000018s ]
INFO: [ app_init ] --END-- [ RunTime:0.000317s ]
INFO: [ app_begin ] --START--
INFO: Run Behavior\ReadHtmlCacheBehavior [ RunTime:0.000367s ]
INFO: [ app_begin ] --END-- [ RunTime:0.000426s ]
INFO: [ app_end ] --START--
INFO: Run Behavior\ShowPageTraceBehavior [ RunTime:0.000381s ]
INFO: [ app_end ] --END-- [ RunTime:0.000444s ]

[ 2015-05-27T13:22:09+08:00 ] 112.124.214.2 /app/AppPerformance/list_performance
INFO: [ app_init ] --START--
INFO: Run Behavior\BuildLiteBehavior [ RunTime:0.000022s ]
INFO: [ app_init ] --END-- [ RunTime:0.000301s ]
INFO: [ app_begin ] --START--
INFO: Run Behavior\ReadHtmlCacheBehavior [ RunTime:0.000439s ]
INFO: [ app_begin ] --END-- [ RunTime:0.000498s ]
SQL: SHOW COLUMNS FROM `tb_ypa_performances` [ RunTime:0.0018s ]
SQL: SELECT * FROM `tb_ypa_performances` LIMIT 20   [ RunTime:0.0007s ]
INFO: [ app_end ] --START--
INFO: Run Behavior\ShowPageTraceBehavior [ RunTime:0.000673s ]
INFO: [ app_end ] --END-- [ RunTime:0.000787s ]

[ 2015-05-27T13:23:44+08:00 ] 112.124.214.2 /app/AppPerformance/list_performance
INFO: [ app_init ] --START--
INFO: Run Behavior\BuildLiteBehavior [ RunTime:0.000020s ]
INFO: [ app_init ] --END-- [ RunTime:0.000378s ]
INFO: [ app_begin ] --START--
INFO: Run Behavior\ReadHtmlCacheBehavior [ RunTime:0.000358s ]
INFO: [ app_begin ] --END-- [ RunTime:0.000437s ]
SQL: SHOW COLUMNS FROM `tb_ypa_performances` [ RunTime:0.0012s ]
SQL: SELECT * FROM `tb_ypa_performances` LIMIT 20   [ RunTime:0.0004s ]
INFO: [ app_end ] --START--
INFO: Run Behavior\ShowPageTraceBehavior [ RunTime:0.000385s ]
INFO: [ app_end ] --END-- [ RunTime:0.000453s ]

[ 2015-05-27T16:36:55+08:00 ] 112.124.214.2 /App/AppPerformance/list_performance
INFO: [ app_init ] --START--
INFO: Run Behavior\BuildLiteBehavior [ RunTime:0.000020s ]
INFO: [ app_init ] --END-- [ RunTime:0.000286s ]
INFO: [ app_begin ] --START--
INFO: Run Behavior\ReadHtmlCacheBehavior [ RunTime:0.000345s ]
INFO: [ app_begin ] --END-- [ RunTime:0.000402s ]
SQL: SHOW COLUMNS FROM `tb_ypa_performances` [ RunTime:0.0013s ]
SQL: SELECT * FROM `tb_ypa_performances` LIMIT 20   [ RunTime:0.0004s ]
NOTIC: [8] Use of undefined constant JSON_UNESCAPED_UNICODE - assumed 'JSON_UNESCAPED_UNICODE' /alidata1/www/www.youpiaoa.cn/docs/Application/App/Controller/AppPerformanceController.class.php 第 19 行.
NOTIC: [2] json_encode() expects parameter 2 to be long, string given /alidata1/www/www.youpiaoa.cn/docs/Application/App/Controller/AppPerformanceController.class.php 第 19 行.
NOTIC: [8] Use of undefined constant JSON_UNESCAPED_UNICODE - assumed 'JSON_UNESCAPED_UNICODE' /alidata1/www/www.youpiaoa.cn/docs/Application/App/Controller/AppPerformanceController.class.php 第 19 行.
NOTIC: [2] json_encode() expects parameter 2 to be long, string given /alidata1/www/www.youpiaoa.cn/docs/Application/App/Controller/AppPerformanceController.class.php 第 19 行.
NOTIC: [8] Use of undefined constant JSON_UNESCAPED_UNICODE - assumed 'JSON_UNESCAPED_UNICODE' /alidata1/www/www.youpiaoa.cn/docs/Application/App/Controller/AppPerformanceController.class.php 第 19 行.
NOTIC: [2] json_encode() expects parameter 2 to be long, string given /alidata1/www/www.youpiaoa.cn/docs/Application/App/Controller/AppPerformanceController.class.php 第 19 行.
NOTIC: [8] Use of undefined constant JSON_UNESCAPED_UNICODE - assumed 'JSON_UNESCAPED_UNICODE' /alidata1/www/www.youpiaoa.cn/docs/Application/App/Controller/AppPerformanceController.class.php 第 19 行.
NOTIC: [2] json_encode() expects parameter 2 to be long, string given /alidata1/www/www.youpiaoa.cn/docs/Application/App/Controller/AppPerformanceController.class.php 第 19 行.
NOTIC: [8] Use of undefined constant JSON_UNESCAPED_UNICODE - assumed 'JSON_UNESCAPED_UNICODE' /alidata1/www/www.youpiaoa.cn/docs/Application/App/Controller/AppPerformanceController.class.php 第 19 行.
NOTIC: [2] json_encode() expects parameter 2 to be long, string given /alidata1/www/www.youpiaoa.cn/docs/Application/App/Controller/AppPerformanceController.class.php 第 19 行.
NOTIC: [8] Use of undefined constant JSON_UNESCAPED_UNICODE - assumed 'JSON_UNESCAPED_UNICODE' /alidata1/www/www.youpiaoa.cn/docs/Application/App/Controller/AppPerformanceController.class.php 第 19 行.
NOTIC: [2] json_encode() expects parameter 2 to be long, string given /alidata1/www/www.youpiaoa.cn/docs/Application/App/Controller/AppPerformanceController.class.php 第 19 行.
NOTIC: [8] Use of undefined constant JSON_UNESCAPED_UNICODE - assumed 'JSON_UNESCAPED_UNICODE' /alidata1/www/www.youpiaoa.cn/docs/Application/App/Controller/AppPerformanceController.class.php 第 19 行.
NOTIC: [2] json_encode() expects parameter 2 to be long, string given /alidata1/www/www.youpiaoa.cn/docs/Application/App/Controller/AppPerformanceController.class.php 第 19 行.
NOTIC: [8] Use of undefined constant JSON_UNESCAPED_UNICODE - assumed 'JSON_UNESCAPED_UNICODE' /alidata1/www/www.youpiaoa.cn/docs/Application/App/Controller/AppPerformanceController.class.php 第 19 行.
NOTIC: [2] json_encode() expects parameter 2 to be long, string given /alidata1/www/www.youpiaoa.cn/docs/Application/App/Controller/AppPerformanceController.class.php 第 19 行.
NOTIC: [8] Use of undefined constant JSON_UNESCAPED_UNICODE - assumed 'JSON_UNESCAPED_UNICODE' /alidata1/www/www.youpiaoa.cn/docs/Application/App/Controller/AppPerformanceController.class.php 第 19 行.
NOTIC: [2] json_encode() expects parameter 2 to be long, string given /alidata1/www/www.youpiaoa.cn/docs/Application/App/Controller/AppPerformanceController.class.php 第 19 行.
NOTIC: [8] Use of undefined constant JSON_UNESCAPED_UNICODE - assumed 'JSON_UNESCAPED_UNICODE' /alidata1/www/www.youpiaoa.cn/docs/Application/App/Controller/AppPerformanceController.class.php 第 19 行.
NOTIC: [2] json_encode() expects parameter 2 to be long, string given /alidata1/www/www.youpiaoa.cn/docs/Application/App/Controller/AppPerformanceController.class.php 第 19 行.
NOTIC: [8] Use of undefined constant JSON_UNESCAPED_UNICODE - assumed 'JSON_UNESCAPED_UNICODE' /alidata1/www/www.youpiaoa.cn/docs/Application/App/Controller/AppPerformanceController.class.php 第 19 行.
NOTIC: [2] json_encode() expects parameter 2 to be long, string given /alidata1/www/www.youpiaoa.cn/docs/Application/App/Controller/AppPerformanceController.class.php 第 19 行.
NOTIC: [8] Use of undefined constant JSON_UNESCAPED_UNICODE - assumed 'JSON_UNESCAPED_UNICODE' /alidata1/www/www.youpiaoa.cn/docs/Application/App/Controller/AppPerformanceController.class.php 第 19 行.
NOTIC: [2] json_encode() expects parameter 2 to be long, string given /alidata1/www/www.youpiaoa.cn/docs/Application/App/Controller/AppPerformanceController.class.php 第 19 行.
NOTIC: [8] Use of undefined constant JSON_UNESCAPED_UNICODE - assumed 'JSON_UNESCAPED_UNICODE' /alidata1/www/www.youpiaoa.cn/docs/Application/App/Controller/AppPerformanceController.class.php 第 19 行.
NOTIC: [2] json_encode() expects parameter 2 to be long, string given /alidata1/www/www.youpiaoa.cn/docs/Application/App/Controller/AppPerformanceController.class.php 第 19 行.
NOTIC: [8] Use of undefined constant JSON_UNESCAPED_UNICODE - assumed 'JSON_UNESCAPED_UNICODE' /alidata1/www/www.youpiaoa.cn/docs/Application/App/Controller/AppPerformanceController.class.php 第 19 行.
NOTIC: [2] json_encode() expects parameter 2 to be long, string given /alidata1/www/www.youpiaoa.cn/docs/Application/App/Controller/AppPerformanceController.class.php 第 19 行.
NOTIC: [8] Use of undefined constant JSON_UNESCAPED_UNICODE - assumed 'JSON_UNESCAPED_UNICODE' /alidata1/www/www.youpiaoa.cn/docs/Application/App/Controller/AppPerformanceController.class.php 第 19 行.
NOTIC: [2] json_encode() expects parameter 2 to be long, string given /alidata1/www/www.youpiaoa.cn/docs/Application/App/Controller/AppPerformanceController.class.php 第 19 行.
NOTIC: [8] Use of undefined constant JSON_UNESCAPED_UNICODE - assumed 'JSON_UNESCAPED_UNICODE' /alidata1/www/www.youpiaoa.cn/docs/Application/App/Controller/AppPerformanceController.class.php 第 19 行.
NOTIC: [2] json_encode() expects parameter 2 to be long, string given /alidata1/www/www.youpiaoa.cn/docs/Application/App/Controller/AppPerformanceController.class.php 第 19 行.
NOTIC: [8] Use of undefined constant JSON_UNESCAPED_UNICODE - assumed 'JSON_UNESCAPED_UNICODE' /alidata1/www/www.youpiaoa.cn/docs/Application/App/Controller/AppPerformanceController.class.php 第 19 行.
NOTIC: [2] json_encode() expects parameter 2 to be long, string given /alidata1/www/www.youpiaoa.cn/docs/Application/App/Controller/AppPerformanceController.class.php 第 19 行.
NOTIC: [8] Use of undefined constant JSON_UNESCAPED_UNICODE - assumed 'JSON_UNESCAPED_UNICODE' /alidata1/www/www.youpiaoa.cn/docs/Application/App/Controller/AppPerformanceController.class.php 第 19 行.
NOTIC: [2] json_encode() expects parameter 2 to be long, string given /alidata1/www/www.youpiaoa.cn/docs/Application/App/Controller/AppPerformanceController.class.php 第 19 行.
NOTIC: [8] Use of undefined constant JSON_UNESCAPED_UNICODE - assumed 'JSON_UNESCAPED_UNICODE' /alidata1/www/www.youpiaoa.cn/docs/Application/App/Controller/AppPerformanceController.class.php 第 19 行.
NOTIC: [2] json_encode() expects parameter 2 to be long, string given /alidata1/www/www.youpiaoa.cn/docs/Application/App/Controller/AppPerformanceController.class.php 第 19 行.
NOTIC: [8] Use of undefined constant JSON_UNESCAPED_UNICODE - assumed 'JSON_UNESCAPED_UNICODE' /alidata1/www/www.youpiaoa.cn/docs/Application/App/Controller/AppPerformanceController.class.php 第 19 行.
NOTIC: [2] json_encode() expects parameter 2 to be long, string given /alidata1/www/www.youpiaoa.cn/docs/Application/App/Controller/AppPerformanceController.class.php 第 19 行.
INFO: [ app_end ] --START--
INFO: Run Behavior\ShowPageTraceBehavior [ RunTime:0.000444s ]
INFO: [ app_end ] --END-- [ RunTime:0.000502s ]

[ 2015-05-27T16:55:33+08:00 ] 112.124.214.2 /App/AppPerformance/list_performance
INFO: [ app_init ] --START--
INFO: Run Behavior\BuildLiteBehavior [ RunTime:0.000023s ]
INFO: [ app_init ] --END-- [ RunTime:0.000351s ]
INFO: [ app_begin ] --START--
INFO: Run Behavior\ReadHtmlCacheBehavior [ RunTime:0.000496s ]
INFO: [ app_begin ] --END-- [ RunTime:0.000632s ]
SQL: SHOW COLUMNS FROM `tb_ypa_performances` [ RunTime:0.0018s ]
SQL: SELECT * FROM `tb_ypa_performances` LIMIT 20   [ RunTime:0.0006s ]
ERR: Think\Controller:json_encode方法不存在！

[ 2015-05-27T16:55:58+08:00 ] 112.124.214.2 /App/AppPerformance/list_performance
INFO: [ app_init ] --START--
INFO: Run Behavior\BuildLiteBehavior [ RunTime:0.000016s ]
INFO: [ app_init ] --END-- [ RunTime:0.000276s ]
INFO: [ app_begin ] --START--
INFO: Run Behavior\ReadHtmlCacheBehavior [ RunTime:0.000369s ]
INFO: [ app_begin ] --END-- [ RunTime:0.000427s ]
SQL: SHOW COLUMNS FROM `tb_ypa_performances` [ RunTime:0.0014s ]
SQL: SELECT * FROM `tb_ypa_performances` LIMIT 20   [ RunTime:0.0005s ]
INFO: [ app_end ] --START--
INFO: Run Behavior\ShowPageTraceBehavior [ RunTime:0.000490s ]
INFO: [ app_end ] --END-- [ RunTime:0.000584s ]

[ 2015-05-27T16:56:12+08:00 ] 112.124.214.2 /App/AppPerformance/list_performance
INFO: [ app_init ] --START--
INFO: Run Behavior\BuildLiteBehavior [ RunTime:0.000016s ]
INFO: [ app_init ] --END-- [ RunTime:0.000273s ]
INFO: [ app_begin ] --START--
INFO: Run Behavior\ReadHtmlCacheBehavior [ RunTime:0.000349s ]
INFO: [ app_begin ] --END-- [ RunTime:0.000408s ]
SQL: SHOW COLUMNS FROM `tb_ypa_performances` [ RunTime:0.0014s ]
SQL: SELECT * FROM `tb_ypa_performances` LIMIT 20   [ RunTime:0.0005s ]
INFO: [ app_end ] --START--
INFO: Run Behavior\ShowPageTraceBehavior [ RunTime:0.000423s ]
INFO: [ app_end ] --END-- [ RunTime:0.000518s ]

[ 2015-05-27T17:03:57+08:00 ] 112.124.214.2 /App/AppPerformance/list_performance
INFO: [ app_init ] --START--
INFO: Run Behavior\BuildLiteBehavior [ RunTime:0.000018s ]
INFO: [ app_init ] --END-- [ RunTime:0.000283s ]
INFO: [ app_begin ] --START--
INFO: Run Behavior\ReadHtmlCacheBehavior [ RunTime:0.000354s ]
INFO: [ app_begin ] --END-- [ RunTime:0.000438s ]
SQL: SHOW COLUMNS FROM `tb_ypa_performances` [ RunTime:0.0047s ]
SQL: SELECT * FROM `tb_ypa_performances` LIMIT 1   [ RunTime:0.0004s ]
INFO: [ app_end ] --START--
INFO: Run Behavior\ShowPageTraceBehavior [ RunTime:0.000448s ]
INFO: [ app_end ] --END-- [ RunTime:0.000558s ]

[ 2015-05-27T17:05:19+08:00 ] 112.124.214.2 /App/AppPerformance/list_performance
INFO: [ app_init ] --START--
INFO: Run Behavior\BuildLiteBehavior [ RunTime:0.000018s ]
INFO: [ app_init ] --END-- [ RunTime:0.000333s ]
INFO: [ app_begin ] --START--
INFO: Run Behavior\ReadHtmlCacheBehavior [ RunTime:0.000363s ]
INFO: [ app_begin ] --END-- [ RunTime:0.000424s ]
SQL: SHOW COLUMNS FROM `tb_ypa_performances` [ RunTime:0.0013s ]
SQL: SELECT * FROM `tb_ypa_performances` LIMIT 1   [ RunTime:0.0004s ]
INFO: [ app_end ] --START--
INFO: Run Behavior\ShowPageTraceBehavior [ RunTime:0.000818s ]
INFO: [ app_end ] --END-- [ RunTime:0.000927s ]

