[ 2015-06-11T18:55:50+08:00 ] 127.0.0.1 /ypa/
INFO: [ app_init ] --START--
INFO: Run Behavior\BuildLiteBehavior [ RunTime:0.000067s ]
INFO: [ app_init ] --END-- [ RunTime:0.011821s ]
INFO: [ app_begin ] --START--
INFO: Run Behavior\ReadHtmlCacheBehavior [ RunTime:0.001918s ]
INFO: [ app_begin ] --END-- [ RunTime:0.002209s ]
SQL: SHOW COLUMNS FROM `tb_ypa_nav` [ RunTime:0.0098s ]
SQL: SELECT * FROM `tb_ypa_nav` WHERE `type` = 'top' ORDER BY sort  [ RunTime:0.0009s ]
SQL: SHOW COLUMNS FROM `tb_ypa_category` [ RunTime:0.0756s ]
SQL: SELECT * FROM `tb_ypa_category` WHERE `cat_pid` = 0 ORDER BY cat_sort  [ RunTime:0.0027s ]
INFO: [ view_parse ] --START--
INFO: [ template_filter ] --START--
INFO: Run Behavior\ContentReplaceBehavior [ RunTime:0.000103s ]
INFO: [ template_filter ] --END-- [ RunTime:0.000231s ]
INFO: Run Behavior\ParseTemplateBehavior [ RunTime:0.015003s ]
INFO: [ view_parse ] --END-- [ RunTime:0.015210s ]
INFO: [ view_filter ] --START--
INFO: Run Behavior\WriteHtmlCacheBehavior [ RunTime:0.000773s ]
INFO: [ view_filter ] --END-- [ RunTime:0.000896s ]
INFO: [ app_end ] --START--
INFO: Run Behavior\ShowPageTraceBehavior [ RunTime:0.001156s ]
INFO: [ app_end ] --END-- [ RunTime:0.001280s ]

[ 2015-06-11T19:00:00+08:00 ] 127.0.0.1 /ypa/
INFO: [ app_init ] --START--
INFO: Run Behavior\BuildLiteBehavior [ RunTime:0.000025s ]
INFO: [ app_init ] --END-- [ RunTime:0.000573s ]
INFO: [ app_begin ] --START--
INFO: Run Behavior\ReadHtmlCacheBehavior [ RunTime:0.001391s ]
INFO: [ app_begin ] --END-- [ RunTime:0.001548s ]
SQL: SHOW COLUMNS FROM `tb_ypa_nav` [ RunTime:0.0040s ]
SQL: SELECT * FROM `tb_ypa_nav` WHERE `type` = 'top' ORDER BY sort  [ RunTime:0.0004s ]
SQL: SHOW COLUMNS FROM `tb_ypa_category` [ RunTime:0.0033s ]
SQL: SELECT * FROM `tb_ypa_category` WHERE `cat_pid` = 0 ORDER BY cat_sort  [ RunTime:0.0009s ]
INFO: [ view_parse ] --START--
INFO: [ template_filter ] --START--
INFO: Run Behavior\ContentReplaceBehavior [ RunTime:0.000119s ]
INFO: [ template_filter ] --END-- [ RunTime:0.000249s ]
INFO: Run Behavior\ParseTemplateBehavior [ RunTime:0.015043s ]
INFO: [ view_parse ] --END-- [ RunTime:0.015169s ]
INFO: [ view_filter ] --START--
INFO: Run Behavior\WriteHtmlCacheBehavior [ RunTime:0.000877s ]
INFO: [ view_filter ] --END-- [ RunTime:0.000979s ]
INFO: [ app_end ] --START--
INFO: Run Behavior\ShowPageTraceBehavior [ RunTime:0.001132s ]
INFO: [ app_end ] --END-- [ RunTime:0.001234s ]

[ 2015-06-11T19:10:46+08:00 ] 127.0.0.1 /ypa/
INFO: [ app_init ] --START--
INFO: Run Behavior\BuildLiteBehavior [ RunTime:0.000025s ]
INFO: [ app_init ] --END-- [ RunTime:0.000490s ]
INFO: [ app_begin ] --START--
INFO: Run Behavior\ReadHtmlCacheBehavior [ RunTime:0.000813s ]
INFO: [ app_begin ] --END-- [ RunTime:0.000966s ]
SQL: SHOW COLUMNS FROM `tb_ypa_nav` [ RunTime:0.0035s ]
SQL: SELECT * FROM `tb_ypa_nav` WHERE `type` = 'top' ORDER BY sort  [ RunTime:0.0004s ]

[ 2015-06-11T19:11:41+08:00 ] 127.0.0.1 /ypa/
INFO: [ app_init ] --START--
INFO: Run Behavior\BuildLiteBehavior [ RunTime:0.000040s ]
INFO: [ app_init ] --END-- [ RunTime:0.000871s ]
INFO: [ app_begin ] --START--
INFO: Run Behavior\ReadHtmlCacheBehavior [ RunTime:0.001467s ]
INFO: [ app_begin ] --END-- [ RunTime:0.001740s ]
SQL: SHOW COLUMNS FROM `tb_ypa_nav` [ RunTime:0.0033s ]
SQL: SELECT * FROM `tb_ypa_nav` WHERE `type` = 'top' ORDER BY sort  [ RunTime:0.0003s ]

[ 2015-06-11T21:37:22+08:00 ] 127.0.0.1 /ypa/
INFO: [ app_init ] --START--
INFO: Run Behavior\BuildLiteBehavior [ RunTime:0.000031s ]
INFO: [ app_init ] --END-- [ RunTime:0.000592s ]
INFO: [ app_begin ] --START--
INFO: Run Behavior\ReadHtmlCacheBehavior [ RunTime:0.000822s ]
INFO: [ app_begin ] --END-- [ RunTime:0.000974s ]
SQL: SHOW COLUMNS FROM `tb_ypa_nav` [ RunTime:0.0037s ]
SQL: SELECT * FROM `tb_ypa_nav` WHERE `type` = 'top' ORDER BY sort  [ RunTime:0.0004s ]

[ 2015-06-11T21:42:54+08:00 ] 127.0.0.1 /ypa/
INFO: [ app_init ] --START--
INFO: Run Behavior\BuildLiteBehavior [ RunTime:0.000032s ]
INFO: [ app_init ] --END-- [ RunTime:0.000594s ]
INFO: [ app_begin ] --START--
INFO: Run Behavior\ReadHtmlCacheBehavior [ RunTime:0.000827s ]
INFO: [ app_begin ] --END-- [ RunTime:0.000976s ]
SQL: SHOW COLUMNS FROM `tb_ypa_nav` [ RunTime:0.0031s ]
SQL: SELECT * FROM `tb_ypa_nav` WHERE `type` = 'top' ORDER BY sort  [ RunTime:0.0003s ]

[ 2015-06-11T21:55:26+08:00 ] 127.0.0.1 /ypa/
INFO: [ app_init ] --START--
INFO: Run Behavior\BuildLiteBehavior [ RunTime:0.000025s ]
INFO: [ app_init ] --END-- [ RunTime:0.000618s ]
INFO: [ app_begin ] --START--
INFO: Run Behavior\ReadHtmlCacheBehavior [ RunTime:0.000796s ]
INFO: [ app_begin ] --END-- [ RunTime:0.000914s ]
SQL: SHOW COLUMNS FROM `tb_ypa_nav` [ RunTime:0.0031s ]
SQL: SELECT * FROM `tb_ypa_nav` WHERE `type` = 'top' ORDER BY sort  [ RunTime:0.0003s ]

[ 2015-06-11T21:55:32+08:00 ] 127.0.0.1 /ypa/
INFO: [ app_init ] --START--
INFO: Run Behavior\BuildLiteBehavior [ RunTime:0.000050s ]
INFO: [ app_init ] --END-- [ RunTime:0.000537s ]
INFO: [ app_begin ] --START--
INFO: Run Behavior\ReadHtmlCacheBehavior [ RunTime:0.000651s ]
INFO: [ app_begin ] --END-- [ RunTime:0.000774s ]
SQL: SHOW COLUMNS FROM `tb_ypa_nav` [ RunTime:0.0031s ]
SQL: SELECT * FROM `tb_ypa_nav` WHERE `type` = 'top' ORDER BY sort  [ RunTime:0.0003s ]

[ 2015-06-11T21:58:49+08:00 ] 127.0.0.1 /ypa/
INFO: [ app_init ] --START--
INFO: Run Behavior\BuildLiteBehavior [ RunTime:0.000026s ]
INFO: [ app_init ] --END-- [ RunTime:0.000488s ]
INFO: [ app_begin ] --START--
INFO: Run Behavior\ReadHtmlCacheBehavior [ RunTime:0.000649s ]
INFO: [ app_begin ] --END-- [ RunTime:0.000769s ]
SQL: SHOW COLUMNS FROM `tb_ypa_nav` [ RunTime:0.0032s ]
SQL: SELECT * FROM `tb_ypa_nav` WHERE `type` = 'top' ORDER BY sort  [ RunTime:0.0004s ]

[ 2015-06-11T21:58:51+08:00 ] 127.0.0.1 /ypa/
INFO: [ app_init ] --START--
INFO: Run Behavior\BuildLiteBehavior [ RunTime:0.000025s ]
INFO: [ app_init ] --END-- [ RunTime:0.000512s ]
INFO: [ app_begin ] --START--
INFO: Run Behavior\ReadHtmlCacheBehavior [ RunTime:0.000705s ]
INFO: [ app_begin ] --END-- [ RunTime:0.000837s ]
SQL: SHOW COLUMNS FROM `tb_ypa_nav` [ RunTime:0.0030s ]
SQL: SELECT * FROM `tb_ypa_nav` WHERE `type` = 'top' ORDER BY sort  [ RunTime:0.0003s ]

[ 2015-06-11T21:59:27+08:00 ] 127.0.0.1 /ypa/
INFO: [ app_init ] --START--
INFO: Run Behavior\BuildLiteBehavior [ RunTime:0.000042s ]
INFO: [ app_init ] --END-- [ RunTime:0.000852s ]
INFO: [ app_begin ] --START--
INFO: Run Behavior\ReadHtmlCacheBehavior [ RunTime:0.001142s ]
INFO: [ app_begin ] --END-- [ RunTime:0.001372s ]
SQL: SHOW COLUMNS FROM `tb_ypa_nav` [ RunTime:0.0031s ]
SQL: SELECT * FROM `tb_ypa_nav` WHERE `type` = 'top' ORDER BY sort  [ RunTime:0.0003s ]

[ 2015-06-11T22:03:24+08:00 ] 127.0.0.1 /ypa/
INFO: [ app_init ] --START--
INFO: Run Behavior\BuildLiteBehavior [ RunTime:0.000024s ]
INFO: [ app_init ] --END-- [ RunTime:0.000512s ]
INFO: [ app_begin ] --START--
INFO: Run Behavior\ReadHtmlCacheBehavior [ RunTime:0.000778s ]
INFO: [ app_begin ] --END-- [ RunTime:0.000940s ]
SQL: SHOW COLUMNS FROM `tb_ypa_nav` [ RunTime:0.0032s ]
SQL: SELECT * FROM `tb_ypa_nav` WHERE `type` = 'top' ORDER BY sort  [ RunTime:0.0003s ]
SQL: SHOW COLUMNS FROM `tb_ypa_category` [ RunTime:0.0030s ]
ERR: Think\Model:relation方法不存在！

[ 2015-06-11T22:05:59+08:00 ] 127.0.0.1 /ypa/
INFO: [ app_init ] --START--
INFO: Run Behavior\BuildLiteBehavior [ RunTime:0.000037s ]
INFO: [ app_init ] --END-- [ RunTime:0.000717s ]
INFO: [ app_begin ] --START--
INFO: Run Behavior\ReadHtmlCacheBehavior [ RunTime:0.001043s ]
INFO: [ app_begin ] --END-- [ RunTime:0.001237s ]
SQL: SHOW COLUMNS FROM `tb_ypa_nav` [ RunTime:0.0037s ]
SQL: SELECT * FROM `tb_ypa_nav` WHERE `type` = 'top' ORDER BY sort  [ RunTime:0.0003s ]
SQL: SHOW COLUMNS FROM `tb_ypa_category` [ RunTime:0.0029s ]
ERR: Think\Model:relation方法不存在！

[ 2015-06-11T22:07:16+08:00 ] 127.0.0.1 /ypa/
INFO: [ app_init ] --START--
INFO: Run Behavior\BuildLiteBehavior [ RunTime:0.000037s ]
INFO: [ app_init ] --END-- [ RunTime:0.000756s ]
INFO: [ app_begin ] --START--
INFO: Run Behavior\ReadHtmlCacheBehavior [ RunTime:0.001101s ]
INFO: [ app_begin ] --END-- [ RunTime:0.001324s ]
SQL: SHOW COLUMNS FROM `tb_ypa_category` [ RunTime:0.0034s ]
ERR: Think\Model:relation方法不存在！

[ 2015-06-11T22:08:42+08:00 ] 127.0.0.1 /ypa/
INFO: [ app_init ] --START--
INFO: Run Behavior\BuildLiteBehavior [ RunTime:0.000053s ]
INFO: [ app_init ] --END-- [ RunTime:0.001142s ]
INFO: [ app_begin ] --START--
INFO: Run Behavior\ReadHtmlCacheBehavior [ RunTime:0.001544s ]
INFO: [ app_begin ] --END-- [ RunTime:0.001777s ]
SQL: SHOW COLUMNS FROM `tb_ypa_category` [ RunTime:0.0031s ]
ERR: Think\Model:relation方法不存在！

[ 2015-06-11T22:19:23+08:00 ] 127.0.0.1 /ypa/
INFO: [ app_init ] --START--
INFO: Run Behavior\BuildLiteBehavior [ RunTime:0.000025s ]
INFO: [ app_init ] --END-- [ RunTime:0.000480s ]
INFO: [ app_begin ] --START--
INFO: Run Behavior\ReadHtmlCacheBehavior [ RunTime:0.000688s ]
INFO: [ app_begin ] --END-- [ RunTime:0.000817s ]
SQL: SHOW COLUMNS FROM `tb_ypa_category` [ RunTime:0.0032s ]
ERR: Think\Model:relation方法不存在！

[ 2015-06-11T22:19:24+08:00 ] 127.0.0.1 /ypa/
INFO: [ app_init ] --START--
INFO: Run Behavior\BuildLiteBehavior [ RunTime:0.000034s ]
INFO: [ app_init ] --END-- [ RunTime:0.000879s ]
INFO: [ app_begin ] --START--
INFO: Run Behavior\ReadHtmlCacheBehavior [ RunTime:0.001229s ]
INFO: [ app_begin ] --END-- [ RunTime:0.001514s ]
SQL: SHOW COLUMNS FROM `tb_ypa_category` [ RunTime:0.0032s ]
ERR: Think\Model:relation方法不存在！

[ 2015-06-11T22:22:35+08:00 ] 127.0.0.1 /ypa/
INFO: [ app_init ] --START--
INFO: Run Behavior\BuildLiteBehavior [ RunTime:0.000026s ]
INFO: [ app_init ] --END-- [ RunTime:0.000540s ]
INFO: [ app_begin ] --START--
INFO: Run Behavior\ReadHtmlCacheBehavior [ RunTime:0.000670s ]
INFO: [ app_begin ] --END-- [ RunTime:0.000791s ]
SQL: SHOW COLUMNS FROM `tb_ypa_category` [ RunTime:0.0031s ]
ERR: Think\Model:relation方法不存在！

[ 2015-06-11T22:29:41+08:00 ] 127.0.0.1 /ypa/
INFO: [ app_init ] --START--
INFO: Run Behavior\BuildLiteBehavior [ RunTime:0.000054s ]
INFO: [ app_init ] --END-- [ RunTime:0.000650s ]
INFO: [ app_begin ] --START--
INFO: Run Behavior\ReadHtmlCacheBehavior [ RunTime:0.000901s ]
INFO: [ app_begin ] --END-- [ RunTime:0.001105s ]
SQL: SHOW COLUMNS FROM `tb_ypa_category` [ RunTime:0.0041s ]
ERR: Think\Model:relation方法不存在！

[ 2015-06-11T22:32:13+08:00 ] 127.0.0.1 /ypa/
INFO: [ app_init ] --START--
INFO: Run Behavior\BuildLiteBehavior [ RunTime:0.000025s ]
INFO: [ app_init ] --END-- [ RunTime:0.000492s ]
INFO: [ app_begin ] --START--
INFO: Run Behavior\ReadHtmlCacheBehavior [ RunTime:0.000845s ]
INFO: [ app_begin ] --END-- [ RunTime:0.001014s ]
SQL: SHOW COLUMNS FROM `tb_ypa_category` [ RunTime:0.0031s ]
ERR: Think\Model:relation方法不存在！

[ 2015-06-11T22:32:26+08:00 ] 127.0.0.1 /ypa/
INFO: [ app_init ] --START--
INFO: Run Behavior\BuildLiteBehavior [ RunTime:0.000036s ]
INFO: [ app_init ] --END-- [ RunTime:0.000689s ]
INFO: [ app_begin ] --START--
INFO: Run Behavior\ReadHtmlCacheBehavior [ RunTime:0.001114s ]
INFO: [ app_begin ] --END-- [ RunTime:0.001337s ]

[ 2015-06-11T22:32:47+08:00 ] 127.0.0.1 /ypa/
INFO: [ app_init ] --START--
INFO: Run Behavior\BuildLiteBehavior [ RunTime:0.000026s ]
INFO: [ app_init ] --END-- [ RunTime:0.000570s ]
INFO: [ app_begin ] --START--
INFO: Run Behavior\ReadHtmlCacheBehavior [ RunTime:0.000853s ]
INFO: [ app_begin ] --END-- [ RunTime:0.001017s ]

[ 2015-06-11T22:34:09+08:00 ] 127.0.0.1 /ypa/
INFO: [ app_init ] --START--
INFO: Run Behavior\BuildLiteBehavior [ RunTime:0.000032s ]
INFO: [ app_init ] --END-- [ RunTime:0.000724s ]
INFO: [ app_begin ] --START--
INFO: Run Behavior\ReadHtmlCacheBehavior [ RunTime:0.000980s ]
INFO: [ app_begin ] --END-- [ RunTime:0.001165s ]

[ 2015-06-11T22:39:16+08:00 ] 127.0.0.1 /ypa/
INFO: [ app_init ] --START--
INFO: Run Behavior\BuildLiteBehavior [ RunTime:0.000034s ]
INFO: [ app_init ] --END-- [ RunTime:0.000849s ]
INFO: [ app_begin ] --START--
INFO: Run Behavior\ReadHtmlCacheBehavior [ RunTime:0.001403s ]
INFO: [ app_begin ] --END-- [ RunTime:0.001665s ]
NOTIC: [8] Use of undefined constant HAS_MANY - assumed 'HAS_MANY' D:\wamp\www\ypa\ThinkPHP\Common\functions.php 第 588 行.
SQL: SHOW COLUMNS FROM `tb_ypa_category` [ RunTime:0.0032s ]
SQL: SELECT * FROM `tb_ypa_category` WHERE ( cat_pid=0 ) ORDER BY cat_sort  [ RunTime:0.0009s ]
NOTIC: [8] Undefined variable: relationData D:\wamp\www\ypa\ThinkPHP\Library\Think\Model\RelationModel.class.php 第 227 行.
NOTIC: [8] Undefined variable: relationData D:\wamp\www\ypa\ThinkPHP\Library\Think\Model\RelationModel.class.php 第 227 行.
NOTIC: [8] Undefined variable: relationData D:\wamp\www\ypa\ThinkPHP\Library\Think\Model\RelationModel.class.php 第 227 行.
NOTIC: [8] Undefined variable: relationData D:\wamp\www\ypa\ThinkPHP\Library\Think\Model\RelationModel.class.php 第 227 行.
NOTIC: [8] Undefined variable: relationData D:\wamp\www\ypa\ThinkPHP\Library\Think\Model\RelationModel.class.php 第 227 行.
NOTIC: [8] Undefined variable: relationData D:\wamp\www\ypa\ThinkPHP\Library\Think\Model\RelationModel.class.php 第 227 行.
NOTIC: [8] Undefined variable: relationData D:\wamp\www\ypa\ThinkPHP\Library\Think\Model\RelationModel.class.php 第 227 行.
NOTIC: [8] Undefined variable: relationData D:\wamp\www\ypa\ThinkPHP\Library\Think\Model\RelationModel.class.php 第 227 行.
NOTIC: [8] Undefined variable: relationData D:\wamp\www\ypa\ThinkPHP\Library\Think\Model\RelationModel.class.php 第 227 行.
NOTIC: [8] Undefined variable: relationData D:\wamp\www\ypa\ThinkPHP\Library\Think\Model\RelationModel.class.php 第 227 行.
NOTIC: [8] Undefined variable: relationData D:\wamp\www\ypa\ThinkPHP\Library\Think\Model\RelationModel.class.php 第 227 行.
NOTIC: [8] Undefined variable: relationData D:\wamp\www\ypa\ThinkPHP\Library\Think\Model\RelationModel.class.php 第 227 行.
NOTIC: [8] Undefined variable: relationData D:\wamp\www\ypa\ThinkPHP\Library\Think\Model\RelationModel.class.php 第 227 行.
INFO: [ app_end ] --START--
INFO: Run Behavior\ShowPageTraceBehavior [ RunTime:0.001118s ]
INFO: [ app_end ] --END-- [ RunTime:0.001227s ]

[ 2015-06-11T22:40:24+08:00 ] 127.0.0.1 /ypa/
INFO: [ app_init ] --START--
INFO: Run Behavior\BuildLiteBehavior [ RunTime:0.000025s ]
INFO: [ app_init ] --END-- [ RunTime:0.000468s ]
INFO: [ app_begin ] --START--
INFO: Run Behavior\ReadHtmlCacheBehavior [ RunTime:0.000703s ]
INFO: [ app_begin ] --END-- [ RunTime:0.000832s ]
SQL: SHOW COLUMNS FROM `tb_ypa_category` [ RunTime:0.0035s ]
ERR: Think\Model:relation方法不存在！

[ 2015-06-11T22:47:21+08:00 ] 127.0.0.1 /ypa/
INFO: [ app_init ] --START--
INFO: Run Behavior\BuildLiteBehavior [ RunTime:0.000027s ]
INFO: [ app_init ] --END-- [ RunTime:0.000541s ]
INFO: [ app_begin ] --START--
INFO: Run Behavior\ReadHtmlCacheBehavior [ RunTime:0.000680s ]
INFO: [ app_begin ] --END-- [ RunTime:0.000817s ]

[ 2015-06-11T22:47:51+08:00 ] 127.0.0.1 /ypa/
INFO: [ app_init ] --START--
INFO: Run Behavior\BuildLiteBehavior [ RunTime:0.000035s ]
INFO: [ app_init ] --END-- [ RunTime:0.000733s ]
INFO: [ app_begin ] --START--
INFO: Run Behavior\ReadHtmlCacheBehavior [ RunTime:0.000839s ]
INFO: [ app_begin ] --END-- [ RunTime:0.000992s ]

[ 2015-06-11T23:03:53+08:00 ] 127.0.0.1 /ypa/
INFO: [ app_init ] --START--
INFO: Run Behavior\BuildLiteBehavior [ RunTime:0.000030s ]
INFO: [ app_init ] --END-- [ RunTime:0.000666s ]
INFO: [ app_begin ] --START--
INFO: Run Behavior\ReadHtmlCacheBehavior [ RunTime:0.000945s ]
INFO: [ app_begin ] --END-- [ RunTime:0.001135s ]
NOTIC: [8] Use of undefined constant HAS_MANY - assumed 'HAS_MANY' D:\wamp\www\ypa\ThinkPHP\Common\functions.php 第 588 行.
SQL: SHOW COLUMNS FROM `tb_ypa_category` [ RunTime:0.0043s ]
SQL: SELECT * FROM `tb_ypa_category` WHERE ( cat_pid=0 ) ORDER BY cat_sort  [ RunTime:0.0010s ]
NOTIC: [8] Undefined variable: relationData D:\wamp\www\ypa\ThinkPHP\Library\Think\Model\RelationModel.class.php 第 227 行.
NOTIC: [8] Undefined variable: relationData D:\wamp\www\ypa\ThinkPHP\Library\Think\Model\RelationModel.class.php 第 227 行.
NOTIC: [8] Undefined variable: relationData D:\wamp\www\ypa\ThinkPHP\Library\Think\Model\RelationModel.class.php 第 227 行.
NOTIC: [8] Undefined variable: relationData D:\wamp\www\ypa\ThinkPHP\Library\Think\Model\RelationModel.class.php 第 227 行.
NOTIC: [8] Undefined variable: relationData D:\wamp\www\ypa\ThinkPHP\Library\Think\Model\RelationModel.class.php 第 227 行.
NOTIC: [8] Undefined variable: relationData D:\wamp\www\ypa\ThinkPHP\Library\Think\Model\RelationModel.class.php 第 227 行.
NOTIC: [8] Undefined variable: relationData D:\wamp\www\ypa\ThinkPHP\Library\Think\Model\RelationModel.class.php 第 227 行.
NOTIC: [8] Undefined variable: relationData D:\wamp\www\ypa\ThinkPHP\Library\Think\Model\RelationModel.class.php 第 227 行.
NOTIC: [8] Undefined variable: relationData D:\wamp\www\ypa\ThinkPHP\Library\Think\Model\RelationModel.class.php 第 227 行.
NOTIC: [8] Undefined variable: relationData D:\wamp\www\ypa\ThinkPHP\Library\Think\Model\RelationModel.class.php 第 227 行.
NOTIC: [8] Undefined variable: relationData D:\wamp\www\ypa\ThinkPHP\Library\Think\Model\RelationModel.class.php 第 227 行.
NOTIC: [8] Undefined variable: relationData D:\wamp\www\ypa\ThinkPHP\Library\Think\Model\RelationModel.class.php 第 227 行.
NOTIC: [8] Undefined variable: relationData D:\wamp\www\ypa\ThinkPHP\Library\Think\Model\RelationModel.class.php 第 227 行.
INFO: [ app_end ] --START--
INFO: Run Behavior\ShowPageTraceBehavior [ RunTime:0.001094s ]
INFO: [ app_end ] --END-- [ RunTime:0.001204s ]

[ 2015-06-11T23:04:39+08:00 ] 127.0.0.1 /ypa/
INFO: [ app_init ] --START--
INFO: Run Behavior\BuildLiteBehavior [ RunTime:0.000027s ]
INFO: [ app_init ] --END-- [ RunTime:0.000558s ]
INFO: [ app_begin ] --START--
INFO: Run Behavior\ReadHtmlCacheBehavior [ RunTime:0.000743s ]
INFO: [ app_begin ] --END-- [ RunTime:0.000871s ]
NOTIC: [8] Use of undefined constant HAS_MANY - assumed 'HAS_MANY' D:\wamp\www\ypa\ThinkPHP\Common\functions.php 第 588 行.
SQL: SHOW COLUMNS FROM `tb_ypa_category` [ RunTime:0.0036s ]
SQL: SELECT * FROM `tb_ypa_category` WHERE ( cat_pid=0 ) ORDER BY cat_sort  [ RunTime:0.0009s ]
SQL: SHOW COLUMNS FROM `tb_ypa_category` [ RunTime:0.0030s ]
NOTIC: [8] Undefined variable: relationData D:\wamp\www\ypa\ThinkPHP\Library\Think\Model\RelationModel.class.php 第 227 行.
NOTIC: [8] Undefined variable: relationData D:\wamp\www\ypa\ThinkPHP\Library\Think\Model\RelationModel.class.php 第 227 行.
NOTIC: [8] Undefined variable: relationData D:\wamp\www\ypa\ThinkPHP\Library\Think\Model\RelationModel.class.php 第 227 行.
NOTIC: [8] Undefined variable: relationData D:\wamp\www\ypa\ThinkPHP\Library\Think\Model\RelationModel.class.php 第 227 行.
NOTIC: [8] Undefined variable: relationData D:\wamp\www\ypa\ThinkPHP\Library\Think\Model\RelationModel.class.php 第 227 行.
NOTIC: [8] Undefined variable: relationData D:\wamp\www\ypa\ThinkPHP\Library\Think\Model\RelationModel.class.php 第 227 行.
NOTIC: [8] Undefined variable: relationData D:\wamp\www\ypa\ThinkPHP\Library\Think\Model\RelationModel.class.php 第 227 行.
NOTIC: [8] Undefined variable: relationData D:\wamp\www\ypa\ThinkPHP\Library\Think\Model\RelationModel.class.php 第 227 行.
NOTIC: [8] Undefined variable: relationData D:\wamp\www\ypa\ThinkPHP\Library\Think\Model\RelationModel.class.php 第 227 行.
NOTIC: [8] Undefined variable: relationData D:\wamp\www\ypa\ThinkPHP\Library\Think\Model\RelationModel.class.php 第 227 行.
NOTIC: [8] Undefined variable: relationData D:\wamp\www\ypa\ThinkPHP\Library\Think\Model\RelationModel.class.php 第 227 行.
NOTIC: [8] Undefined variable: relationData D:\wamp\www\ypa\ThinkPHP\Library\Think\Model\RelationModel.class.php 第 227 行.
NOTIC: [8] Undefined variable: relationData D:\wamp\www\ypa\ThinkPHP\Library\Think\Model\RelationModel.class.php 第 227 行.
INFO: [ app_end ] --START--
INFO: Run Behavior\ShowPageTraceBehavior [ RunTime:0.000816s ]
INFO: [ app_end ] --END-- [ RunTime:0.000930s ]

[ 2015-06-11T23:05:14+08:00 ] 127.0.0.1 /ypa/
INFO: [ app_init ] --START--
INFO: Run Behavior\BuildLiteBehavior [ RunTime:0.000035s ]
INFO: [ app_init ] --END-- [ RunTime:0.000727s ]
INFO: [ app_begin ] --START--
INFO: Run Behavior\ReadHtmlCacheBehavior [ RunTime:0.000974s ]
INFO: [ app_begin ] --END-- [ RunTime:0.001165s ]
SQL: SHOW COLUMNS FROM `tb_ypa_nav` [ RunTime:0.0041s ]
SQL: SELECT * FROM `tb_ypa_nav` WHERE `type` = 'top' ORDER BY sort  [ RunTime:0.0003s ]
NOTIC: [8] Use of undefined constant HAS_MANY - assumed 'HAS_MANY' D:\wamp\www\ypa\ThinkPHP\Common\functions.php 第 588 行.
SQL: SHOW COLUMNS FROM `tb_ypa_category` [ RunTime:0.0033s ]
SQL: SELECT * FROM `tb_ypa_category` WHERE ( cat_pid=0 ) ORDER BY cat_sort  [ RunTime:0.0010s ]
SQL: SHOW COLUMNS FROM `tb_ypa_category` [ RunTime:0.0034s ]
NOTIC: [8] Undefined variable: relationData D:\wamp\www\ypa\ThinkPHP\Library\Think\Model\RelationModel.class.php 第 227 行.
NOTIC: [8] Undefined variable: relationData D:\wamp\www\ypa\ThinkPHP\Library\Think\Model\RelationModel.class.php 第 227 行.
NOTIC: [8] Undefined variable: relationData D:\wamp\www\ypa\ThinkPHP\Library\Think\Model\RelationModel.class.php 第 227 行.
NOTIC: [8] Undefined variable: relationData D:\wamp\www\ypa\ThinkPHP\Library\Think\Model\RelationModel.class.php 第 227 行.
NOTIC: [8] Undefined variable: relationData D:\wamp\www\ypa\ThinkPHP\Library\Think\Model\RelationModel.class.php 第 227 行.
NOTIC: [8] Undefined variable: relationData D:\wamp\www\ypa\ThinkPHP\Library\Think\Model\RelationModel.class.php 第 227 行.
NOTIC: [8] Undefined variable: relationData D:\wamp\www\ypa\ThinkPHP\Library\Think\Model\RelationModel.class.php 第 227 行.
NOTIC: [8] Undefined variable: relationData D:\wamp\www\ypa\ThinkPHP\Library\Think\Model\RelationModel.class.php 第 227 行.
NOTIC: [8] Undefined variable: relationData D:\wamp\www\ypa\ThinkPHP\Library\Think\Model\RelationModel.class.php 第 227 行.
NOTIC: [8] Undefined variable: relationData D:\wamp\www\ypa\ThinkPHP\Library\Think\Model\RelationModel.class.php 第 227 行.
NOTIC: [8] Undefined variable: relationData D:\wamp\www\ypa\ThinkPHP\Library\Think\Model\RelationModel.class.php 第 227 行.
NOTIC: [8] Undefined variable: relationData D:\wamp\www\ypa\ThinkPHP\Library\Think\Model\RelationModel.class.php 第 227 行.
NOTIC: [8] Undefined variable: relationData D:\wamp\www\ypa\ThinkPHP\Library\Think\Model\RelationModel.class.php 第 227 行.
INFO: [ view_parse ] --START--
INFO: [ template_filter ] --START--
INFO: Run Behavior\ContentReplaceBehavior [ RunTime:0.000091s ]
INFO: [ template_filter ] --END-- [ RunTime:0.000264s ]
INFO: Run Behavior\ParseTemplateBehavior [ RunTime:0.014271s ]
INFO: [ view_parse ] --END-- [ RunTime:0.014382s ]
INFO: [ view_filter ] --START--
INFO: Run Behavior\WriteHtmlCacheBehavior [ RunTime:0.000572s ]
INFO: [ view_filter ] --END-- [ RunTime:0.000673s ]
INFO: [ app_end ] --START--
INFO: Run Behavior\ShowPageTraceBehavior [ RunTime:0.000877s ]
INFO: [ app_end ] --END-- [ RunTime:0.000979s ]

[ 2015-06-11T23:25:22+08:00 ] 127.0.0.1 /ypa/
INFO: [ app_init ] --START--
INFO: Run Behavior\BuildLiteBehavior [ RunTime:0.000035s ]
INFO: [ app_init ] --END-- [ RunTime:0.000815s ]
INFO: [ app_begin ] --START--
INFO: Run Behavior\ReadHtmlCacheBehavior [ RunTime:0.001091s ]
INFO: [ app_begin ] --END-- [ RunTime:0.001310s ]
SQL: SHOW COLUMNS FROM `tb_ypa_nav` [ RunTime:0.0034s ]
SQL: SELECT * FROM `tb_ypa_nav` WHERE `type` = 'top' ORDER BY sort  [ RunTime:0.0003s ]
NOTIC: [8] Use of undefined constant HAS_MANY - assumed 'HAS_MANY' D:\wamp\www\ypa\ThinkPHP\Common\functions.php 第 588 行.
SQL: SHOW COLUMNS FROM `tb_ypa_category` [ RunTime:0.0031s ]
SQL: SELECT * FROM `tb_ypa_category` WHERE ( cat_pid=0 ) ORDER BY cat_sort  [ RunTime:0.0009s ]
NOTIC: [8] Undefined variable: relationData D:\wamp\www\ypa\ThinkPHP\Library\Think\Model\RelationModel.class.php 第 227 行.
NOTIC: [8] Undefined variable: relationData D:\wamp\www\ypa\ThinkPHP\Library\Think\Model\RelationModel.class.php 第 227 行.
NOTIC: [8] Undefined variable: relationData D:\wamp\www\ypa\ThinkPHP\Library\Think\Model\RelationModel.class.php 第 227 行.
NOTIC: [8] Undefined variable: relationData D:\wamp\www\ypa\ThinkPHP\Library\Think\Model\RelationModel.class.php 第 227 行.
NOTIC: [8] Undefined variable: relationData D:\wamp\www\ypa\ThinkPHP\Library\Think\Model\RelationModel.class.php 第 227 行.
NOTIC: [8] Undefined variable: relationData D:\wamp\www\ypa\ThinkPHP\Library\Think\Model\RelationModel.class.php 第 227 行.
NOTIC: [8] Undefined variable: relationData D:\wamp\www\ypa\ThinkPHP\Library\Think\Model\RelationModel.class.php 第 227 行.
NOTIC: [8] Undefined variable: relationData D:\wamp\www\ypa\ThinkPHP\Library\Think\Model\RelationModel.class.php 第 227 行.
NOTIC: [8] Undefined variable: relationData D:\wamp\www\ypa\ThinkPHP\Library\Think\Model\RelationModel.class.php 第 227 行.
NOTIC: [8] Undefined variable: relationData D:\wamp\www\ypa\ThinkPHP\Library\Think\Model\RelationModel.class.php 第 227 行.
NOTIC: [8] Undefined variable: relationData D:\wamp\www\ypa\ThinkPHP\Library\Think\Model\RelationModel.class.php 第 227 行.
NOTIC: [8] Undefined variable: relationData D:\wamp\www\ypa\ThinkPHP\Library\Think\Model\RelationModel.class.php 第 227 行.
NOTIC: [8] Undefined variable: relationData D:\wamp\www\ypa\ThinkPHP\Library\Think\Model\RelationModel.class.php 第 227 行.
INFO: [ view_parse ] --START--
INFO: [ template_filter ] --START--
INFO: Run Behavior\ContentReplaceBehavior [ RunTime:0.000100s ]
INFO: [ template_filter ] --END-- [ RunTime:0.000303s ]
INFO: Run Behavior\ParseTemplateBehavior [ RunTime:0.013480s ]
INFO: [ view_parse ] --END-- [ RunTime:0.013615s ]
INFO: [ view_filter ] --START--
INFO: Run Behavior\WriteHtmlCacheBehavior [ RunTime:0.000421s ]
INFO: [ view_filter ] --END-- [ RunTime:0.000520s ]
INFO: [ app_end ] --START--
INFO: Run Behavior\ShowPageTraceBehavior [ RunTime:0.000700s ]
INFO: [ app_end ] --END-- [ RunTime:0.000807s ]

[ 2015-06-11T23:37:11+08:00 ] 127.0.0.1 /ypa/
INFO: [ app_init ] --START--
INFO: Run Behavior\BuildLiteBehavior [ RunTime:0.000032s ]
INFO: [ app_init ] --END-- [ RunTime:0.000672s ]
INFO: [ app_begin ] --START--
INFO: Run Behavior\ReadHtmlCacheBehavior [ RunTime:0.000985s ]
INFO: [ app_begin ] --END-- [ RunTime:0.001215s ]
SQL: SHOW COLUMNS FROM `tb_ypa_nav` [ RunTime:0.0056s ]
SQL: SELECT * FROM `tb_ypa_nav` WHERE `type` = 'top' ORDER BY sort  [ RunTime:0.0004s ]
NOTIC: [8] Use of undefined constant HAS_MANY - assumed 'HAS_MANY' D:\wamp\www\ypa\ThinkPHP\Common\functions.php 第 588 行.
SQL: SHOW COLUMNS FROM `tb_ypa_category` [ RunTime:0.0046s ]
SQL: SELECT * FROM `tb_ypa_category` WHERE ( cat_pid=0 ) ORDER BY cat_sort  [ RunTime:0.0012s ]
NOTIC: [8] Undefined variable: relationData D:\wamp\www\ypa\ThinkPHP\Library\Think\Model\RelationModel.class.php 第 227 行.
NOTIC: [8] Undefined variable: relationData D:\wamp\www\ypa\ThinkPHP\Library\Think\Model\RelationModel.class.php 第 227 行.
NOTIC: [8] Undefined variable: relationData D:\wamp\www\ypa\ThinkPHP\Library\Think\Model\RelationModel.class.php 第 227 行.
NOTIC: [8] Undefined variable: relationData D:\wamp\www\ypa\ThinkPHP\Library\Think\Model\RelationModel.class.php 第 227 行.
NOTIC: [8] Undefined variable: relationData D:\wamp\www\ypa\ThinkPHP\Library\Think\Model\RelationModel.class.php 第 227 行.
NOTIC: [8] Undefined variable: relationData D:\wamp\www\ypa\ThinkPHP\Library\Think\Model\RelationModel.class.php 第 227 行.
NOTIC: [8] Undefined variable: relationData D:\wamp\www\ypa\ThinkPHP\Library\Think\Model\RelationModel.class.php 第 227 行.
NOTIC: [8] Undefined variable: relationData D:\wamp\www\ypa\ThinkPHP\Library\Think\Model\RelationModel.class.php 第 227 行.
NOTIC: [8] Undefined variable: relationData D:\wamp\www\ypa\ThinkPHP\Library\Think\Model\RelationModel.class.php 第 227 行.
NOTIC: [8] Undefined variable: relationData D:\wamp\www\ypa\ThinkPHP\Library\Think\Model\RelationModel.class.php 第 227 行.
NOTIC: [8] Undefined variable: relationData D:\wamp\www\ypa\ThinkPHP\Library\Think\Model\RelationModel.class.php 第 227 行.
NOTIC: [8] Undefined variable: relationData D:\wamp\www\ypa\ThinkPHP\Library\Think\Model\RelationModel.class.php 第 227 行.
NOTIC: [8] Undefined variable: relationData D:\wamp\www\ypa\ThinkPHP\Library\Think\Model\RelationModel.class.php 第 227 行.
INFO: [ view_parse ] --START--
INFO: [ template_filter ] --START--
INFO: Run Behavior\ContentReplaceBehavior [ RunTime:0.000099s ]
INFO: [ template_filter ] --END-- [ RunTime:0.000213s ]
INFO: Run Behavior\ParseTemplateBehavior [ RunTime:0.017015s ]
INFO: [ view_parse ] --END-- [ RunTime:0.017169s ]
INFO: [ view_filter ] --START--
INFO: Run Behavior\WriteHtmlCacheBehavior [ RunTime:0.000553s ]
INFO: [ view_filter ] --END-- [ RunTime:0.000654s ]
INFO: [ app_end ] --START--
INFO: Run Behavior\ShowPageTraceBehavior [ RunTime:0.000906s ]
INFO: [ app_end ] --END-- [ RunTime:0.001019s ]

[ 2015-06-11T23:54:00+08:00 ] 127.0.0.1 /ypa/
INFO: [ app_init ] --START--
INFO: Run Behavior\BuildLiteBehavior [ RunTime:0.000025s ]
INFO: [ app_init ] --END-- [ RunTime:0.000527s ]
INFO: [ app_begin ] --START--
INFO: Run Behavior\ReadHtmlCacheBehavior [ RunTime:0.000844s ]
INFO: [ app_begin ] --END-- [ RunTime:0.001013s ]
SQL: SHOW COLUMNS FROM `tb_ypa_nav` [ RunTime:0.0033s ]
SQL: SELECT * FROM `tb_ypa_nav` WHERE `type` = 'top' ORDER BY sort  [ RunTime:0.0003s ]
NOTIC: [8] Use of undefined constant HAS_MANY - assumed 'HAS_MANY' D:\wamp\www\ypa\ThinkPHP\Common\functions.php 第 588 行.
SQL: SHOW COLUMNS FROM `tb_ypa_category` [ RunTime:0.0034s ]
SQL: SELECT * FROM `tb_ypa_category` WHERE ( cat_pid=0 ) ORDER BY cat_sort  [ RunTime:0.0009s ]
NOTIC: [8] Undefined variable: relationData D:\wamp\www\ypa\ThinkPHP\Library\Think\Model\RelationModel.class.php 第 227 行.
NOTIC: [8] Undefined variable: relationData D:\wamp\www\ypa\ThinkPHP\Library\Think\Model\RelationModel.class.php 第 227 行.
NOTIC: [8] Undefined variable: relationData D:\wamp\www\ypa\ThinkPHP\Library\Think\Model\RelationModel.class.php 第 227 行.
NOTIC: [8] Undefined variable: relationData D:\wamp\www\ypa\ThinkPHP\Library\Think\Model\RelationModel.class.php 第 227 行.
NOTIC: [8] Undefined variable: relationData D:\wamp\www\ypa\ThinkPHP\Library\Think\Model\RelationModel.class.php 第 227 行.
NOTIC: [8] Undefined variable: relationData D:\wamp\www\ypa\ThinkPHP\Library\Think\Model\RelationModel.class.php 第 227 行.
NOTIC: [8] Undefined variable: relationData D:\wamp\www\ypa\ThinkPHP\Library\Think\Model\RelationModel.class.php 第 227 行.
NOTIC: [8] Undefined variable: relationData D:\wamp\www\ypa\ThinkPHP\Library\Think\Model\RelationModel.class.php 第 227 行.
NOTIC: [8] Undefined variable: relationData D:\wamp\www\ypa\ThinkPHP\Library\Think\Model\RelationModel.class.php 第 227 行.
NOTIC: [8] Undefined variable: relationData D:\wamp\www\ypa\ThinkPHP\Library\Think\Model\RelationModel.class.php 第 227 行.
NOTIC: [8] Undefined variable: relationData D:\wamp\www\ypa\ThinkPHP\Library\Think\Model\RelationModel.class.php 第 227 行.
NOTIC: [8] Undefined variable: relationData D:\wamp\www\ypa\ThinkPHP\Library\Think\Model\RelationModel.class.php 第 227 行.
NOTIC: [8] Undefined variable: relationData D:\wamp\www\ypa\ThinkPHP\Library\Think\Model\RelationModel.class.php 第 227 行.
INFO: [ view_parse ] --START--
INFO: [ template_filter ] --START--
INFO: Run Behavior\ContentReplaceBehavior [ RunTime:0.000116s ]
INFO: [ template_filter ] --END-- [ RunTime:0.000279s ]
INFO: Run Behavior\ParseTemplateBehavior [ RunTime:0.015169s ]
INFO: [ view_parse ] --END-- [ RunTime:0.015324s ]
INFO: [ view_filter ] --START--
INFO: Run Behavior\WriteHtmlCacheBehavior [ RunTime:0.000424s ]
INFO: [ view_filter ] --END-- [ RunTime:0.000531s ]
INFO: [ app_end ] --START--
INFO: Run Behavior\ShowPageTraceBehavior [ RunTime:0.000684s ]
INFO: [ app_end ] --END-- [ RunTime:0.000794s ]

